<?xml version="1.0" encoding="UTF-8"?>
<testng-results ignored="0" total="1" passed="1" failed="0" skipped="0">
  <reporter-output>
  </reporter-output>
  <suite started-at="2020-03-02T15:27:58 EST" name="Default suite" finished-at="2020-03-02T15:28:44 EST" duration-ms="46645">
    <groups>
    </groups>
    <test started-at="2020-03-02T15:27:58 EST" name="Default test" finished-at="2020-03-02T15:28:44 EST" duration-ms="46645">
      <class name="tests.Expedia">
        <test-method is-config="true" signature="setUp()[pri:0, instance:tests.Expedia@561b6512]" started-at="2020-03-02T15:27:58 EST" name="setUp" finished-at="2020-03-02T15:28:12 EST" duration-ms="13893" status="PASS">
          <reporter-output>
          </reporter-output>
        </test-method> <!-- setUp -->
        <test-method signature="hotelReservation()[pri:0, instance:tests.Expedia@561b6512]" started-at="2020-03-02T15:28:12 EST" name="hotelReservation" finished-at="2020-03-02T15:28:44 EST" duration-ms="32659" status="PASS">
          <reporter-output>
          </reporter-output>
        </test-method> <!-- hotelReservation -->
        <test-method is-config="true" signature="tearDown()[pri:0, instance:tests.Expedia@561b6512]" started-at="2020-03-02T15:28:44 EST" name="tearDown" finished-at="2020-03-02T15:28:44 EST" duration-ms="0" status="PASS">
          <reporter-output>
          </reporter-output>
        </test-method> <!-- tearDown -->
      </class> <!-- tests.Expedia -->
    </test> <!-- Default test -->
  </suite> <!-- Default suite -->
</testng-results>
